<?xml version="1.0" encoding="UTF-8"?>
<!-- Generated by org.testng.reporters.JUnitReportReporter -->
<testsuite hostname="GP-PC-001" failures="0" tests="2" name="test.NewCustomerTest" time="104.066" errors="0" timestamp="2024-04-21T19:42:39 CDT" skipped="0">
  <testcase classname="test.NewCustomerTest" name="testLeftNavPanel" time="0.078"/>
  <testcase classname="test.NewCustomerTest" name="userShouldBeAbleToAddNewCustomer" time="103.988"/>
</testsuite> <!-- test.NewCustomerTest -->
